<?xml version="1.0" encoding="UTF-8"?>
<!-- Generated by org.testng.reporters.JUnitReportReporter -->
<testsuite skipped="0" hostname="ADMINRG-SVK6FI4" name="ecommerce.ecommerce.TC001_Login" tests="1" failures="0" timestamp="01 Jun 2018 07:12:19 GMT" time="12.144" errors="0">
  <testcase name="login" time="12.144" classname="ecommerce.ecommerce.TC001_Login"/>
</testsuite> <!-- ecommerce.ecommerce.TC001_Login -->
